<?xml version="1.0" encoding="UTF-8"?>
<!-- Generated by org.testng.reporters.JUnitXMLReporter -->
<testsuite ignored="0" hostname="DESKTOP-CSJRUOG" failures="0" tests="6" name="Default test" time="47.586" errors="0" timestamp="28 Jul 2021 05:22:10 GMT">
  <testcase classname="com.justdial.testcases.FreelistingTestCases" name="launch" time="11.623"/>
  <testcase classname="com.justdial.testcases.FreelistingTestCases" name="allNullValues" time="2.578"/>
  <testcase classname="com.justdial.testcases.FreelistingTestCases" name="companyNullValue" time="2.303"/>
  <testcase classname="com.justdial.testcases.FreelistingTestCases" name="mobileNullValue" time="8.02"/>
  <testcase classname="com.justdial.testcases.FreelistingTestCases" name="cityNullvalue" time="8.192"/>
  <testcase classname="com.justdial.testcases.FreelistingTestCases" name="validDataTest" time="7.066"/>
</testsuite> <!-- Default test -->
