<?xml version="1.0" encoding="UTF-8"?>
<!-- Generated by org.testng.reporters.JUnitXMLReporter -->
<testsuite hostname="DESKTOP-CSJRUOG" ignored="0" name="Fitness" tests="4" failures="0" timestamp="28 Jul 2021 05:30:33 GMT" time="20.351" errors="0">
  <testcase name="fitness" time="11.822" classname="com.justdial.testcases.FitnessTestCases"/>
  <testcase name="fitnessMenu" time="0.622" classname="com.justdial.testcases.FitnessTestCases"/>
  <testcase name="gym" time="2.554" classname="com.justdial.testcases.FitnessTestCases"/>
  <testcase name="gymMenu" time="0.608" classname="com.justdial.testcases.FitnessTestCases"/>
</testsuite> <!-- Fitness -->
