<?xml version="1.0" encoding="UTF-8"?>
<!-- Generated by org.testng.reporters.JUnitXMLReporter -->
<testsuite hostname="DESKTOP-CSJRUOG" ignored="0" name="Freelisting" tests="6" failures="0" timestamp="28 Jul 2021 05:30:12 GMT" time="51.508" errors="0">
  <testcase name="launch" time="11.788" classname="com.justdial.testcases.FreelistingTestCases"/>
  <testcase name="allNullValues" time="3.476" classname="com.justdial.testcases.FreelistingTestCases"/>
  <testcase name="companyNullValue" time="2.797" classname="com.justdial.testcases.FreelistingTestCases"/>
  <testcase name="mobileNullValue" time="8.536" classname="com.justdial.testcases.FreelistingTestCases"/>
  <testcase name="cityNullvalue" time="7.92" classname="com.justdial.testcases.FreelistingTestCases"/>
  <testcase name="validDataTest" time="7.096" classname="com.justdial.testcases.FreelistingTestCases"/>
</testsuite> <!-- Freelisting -->
