<?xml version="1.0" encoding="UTF-8"?>
<!-- Generated by org.testng.reporters.JUnitXMLReporter -->
<testsuite hostname="DESKTOP-CSJRUOG" ignored="0" name="Homepage" tests="10" failures="0" timestamp="28 Jul 2021 05:29:21 GMT" time="84.015" errors="0">
  <testcase name="websiteTest" time="0.055" classname="com.justdial.testcases.HomepageTestCases"/>
  <testcase name="elementsTest" time="0.629" classname="com.justdial.testcases.HomepageTestCases"/>
  <testcase name="loginPageTest" time="1.48" classname="com.justdial.testcases.HomepageTestCases"/>
  <testcase name="locationTest" time="7.415" classname="com.justdial.testcases.HomepageTestCases"/>
  <testcase name="searchingTest" time="6.763" classname="com.justdial.testcases.HomepageTestCases"/>
  <testcase name="resultPageTest" time="0.085" classname="com.justdial.testcases.HomepageTestCases"/>
  <testcase name="bestdealsTest" time="4.221" classname="com.justdial.testcases.HomepageTestCases"/>
  <testcase name="ratingCheck" time="0.322" classname="com.justdial.testcases.HomepageTestCases"/>
  <testcase name="printData" time="41.984" classname="com.justdial.testcases.HomepageTestCases"/>
  <testcase name="dataFromMenubar" time="12.2" classname="com.justdial.testcases.HomepageTestCases"/>
</testsuite> <!-- Homepage -->
