<?xml version="1.0" encoding="UTF-8"?>
<testng-results skipped="0" failed="0" ignored="0" total="20" passed="20">
  <reporter-output>
  </reporter-output>
  <suite name="Suite" duration-ms="155925" started-at="2021-07-28T05:27:57Z" finished-at="2021-07-28T05:30:33Z">
    <groups>
    </groups>
    <test name="Homepage" duration-ms="84015" started-at="2021-07-28T05:27:57Z" finished-at="2021-07-28T05:29:21Z">
      <class name="com.justdial.testcases.HomepageTestCases">
        <test-method status="PASS" signature="Browser()[pri:0, instance:com.justdial.testcases.HomepageTestCases@9f70c54]" name="Browser" is-config="true" duration-ms="7934" started-at="2021-07-28T05:27:57Z" finished-at="2021-07-28T05:28:05Z">
          <reporter-output>
          </reporter-output>
        </test-method> <!-- Browser -->
        <test-method status="PASS" signature="websiteTest()[pri:1, instance:com.justdial.testcases.HomepageTestCases@9f70c54]" name="websiteTest" duration-ms="55" started-at="2021-07-28T05:28:05Z" finished-at="2021-07-28T05:28:05Z">
          <reporter-output>
          </reporter-output>
        </test-method> <!-- websiteTest -->
        <test-method status="PASS" signature="elementsTest()[pri:2, instance:com.justdial.testcases.HomepageTestCases@9f70c54]" name="elementsTest" duration-ms="629" started-at="2021-07-28T05:28:05Z" finished-at="2021-07-28T05:28:05Z">
          <reporter-output>
          </reporter-output>
        </test-method> <!-- elementsTest -->
        <test-method status="PASS" signature="loginPageTest()[pri:3, instance:com.justdial.testcases.HomepageTestCases@9f70c54]" name="loginPageTest" duration-ms="1480" started-at="2021-07-28T05:28:05Z" finished-at="2021-07-28T05:28:07Z">
          <reporter-output>
          </reporter-output>
        </test-method> <!-- loginPageTest -->
        <test-method status="PASS" signature="locationTest()[pri:4, instance:com.justdial.testcases.HomepageTestCases@9f70c54]" name="locationTest" duration-ms="7415" started-at="2021-07-28T05:28:07Z" finished-at="2021-07-28T05:28:14Z">
          <reporter-output>
          </reporter-output>
        </test-method> <!-- locationTest -->
        <test-method status="PASS" signature="searchingTest()[pri:5, instance:com.justdial.testcases.HomepageTestCases@9f70c54]" name="searchingTest" duration-ms="6763" started-at="2021-07-28T05:28:14Z" depends-on-methods="com.justdial.testcases.HomepageTestCases.locationTest" finished-at="2021-07-28T05:28:21Z">
          <reporter-output>
          </reporter-output>
        </test-method> <!-- searchingTest -->
        <test-method status="PASS" signature="resultPageTest()[pri:6, instance:com.justdial.testcases.HomepageTestCases@9f70c54]" name="resultPageTest" duration-ms="85" started-at="2021-07-28T05:28:21Z" depends-on-methods="com.justdial.testcases.HomepageTestCases.searchingTest" finished-at="2021-07-28T05:28:21Z">
          <reporter-output>
          </reporter-output>
        </test-method> <!-- resultPageTest -->
        <test-method status="PASS" signature="bestdealsTest()[pri:7, instance:com.justdial.testcases.HomepageTestCases@9f70c54]" name="bestdealsTest" duration-ms="4221" started-at="2021-07-28T05:28:21Z" depends-on-methods="com.justdial.testcases.HomepageTestCases.resultPageTest" finished-at="2021-07-28T05:28:25Z">
          <reporter-output>
          </reporter-output>
        </test-method> <!-- bestdealsTest -->
        <test-method status="PASS" signature="ratingCheck()[pri:8, instance:com.justdial.testcases.HomepageTestCases@9f70c54]" name="ratingCheck" duration-ms="322" started-at="2021-07-28T05:28:25Z" depends-on-methods="com.justdial.testcases.HomepageTestCases.bestdealsTest" finished-at="2021-07-28T05:28:26Z">
          <reporter-output>
          </reporter-output>
        </test-method> <!-- ratingCheck -->
        <test-method status="PASS" signature="printData()[pri:9, instance:com.justdial.testcases.HomepageTestCases@9f70c54]" name="printData" duration-ms="41984" started-at="2021-07-28T05:28:26Z" depends-on-methods="com.justdial.testcases.HomepageTestCases.ratingCheck" finished-at="2021-07-28T05:29:08Z">
          <reporter-output>
          </reporter-output>
        </test-method> <!-- printData -->
        <test-method status="PASS" signature="dataFromMenubar()[pri:10, instance:com.justdial.testcases.HomepageTestCases@9f70c54]" name="dataFromMenubar" duration-ms="12200" started-at="2021-07-28T05:29:08Z" finished-at="2021-07-28T05:29:20Z">
          <reporter-output>
          </reporter-output>
        </test-method> <!-- dataFromMenubar -->
        <test-method status="PASS" signature="terminate()[pri:0, instance:com.justdial.testcases.HomepageTestCases@9f70c54]" name="terminate" is-config="true" duration-ms="873" started-at="2021-07-28T05:29:20Z" finished-at="2021-07-28T05:29:21Z">
          <reporter-output>
          </reporter-output>
        </test-method> <!-- terminate -->
      </class> <!-- com.justdial.testcases.HomepageTestCases -->
    </test> <!-- Homepage -->
    <test name="Freelisting" duration-ms="51508" started-at="2021-07-28T05:29:21Z" finished-at="2021-07-28T05:30:12Z">
      <class name="com.justdial.testcases.FreelistingTestCases">
        <test-method status="PASS" signature="browser()[pri:0, instance:com.justdial.testcases.FreelistingTestCases@573f2bb1]" name="browser" is-config="true" duration-ms="4037" started-at="2021-07-28T05:29:21Z" finished-at="2021-07-28T05:29:25Z">
          <reporter-output>
          </reporter-output>
        </test-method> <!-- browser -->
        <test-method status="PASS" signature="launch()[pri:1, instance:com.justdial.testcases.FreelistingTestCases@573f2bb1]" name="launch" duration-ms="11788" started-at="2021-07-28T05:29:25Z" finished-at="2021-07-28T05:29:37Z">
          <reporter-output>
          </reporter-output>
        </test-method> <!-- launch -->
        <test-method status="PASS" signature="allNullValues()[pri:2, instance:com.justdial.testcases.FreelistingTestCases@573f2bb1]" name="allNullValues" duration-ms="3476" started-at="2021-07-28T05:29:37Z" finished-at="2021-07-28T05:29:40Z">
          <reporter-output>
          </reporter-output>
        </test-method> <!-- allNullValues -->
        <test-method status="PASS" signature="companyNullValue(java.lang.String, java.lang.String, java.lang.String, java.lang.String, java.lang.String)[pri:3, instance:com.justdial.testcases.FreelistingTestCases@573f2bb1]" name="companyNullValue" duration-ms="2797" started-at="2021-07-28T05:29:41Z" data-provider="testData" finished-at="2021-07-28T05:29:44Z">
          <params>
            <param index="0">
              <value>
                <![CDATA[Best Car Wash Service]]>
              </value>
            </param>
            <param index="1">
              <value>
                <![CDATA[Akshaya Vahini]]>
              </value>
            </param>
            <param index="2">
              <value>
                <![CDATA[Surepally]]>
              </value>
            </param>
            <param index="3">
              <value>
                <![CDATA[9246199009]]>
              </value>
            </param>
            <param index="4">
              <value>
                <![CDATA[22447879]]>
              </value>
            </param>
          </params>
          <reporter-output>
          </reporter-output>
        </test-method> <!-- companyNullValue -->
        <test-method status="PASS" signature="mobileNullValue(java.lang.String, java.lang.String, java.lang.String, java.lang.String, java.lang.String)[pri:4, instance:com.justdial.testcases.FreelistingTestCases@573f2bb1]" name="mobileNullValue" duration-ms="8536" started-at="2021-07-28T05:29:44Z" data-provider="testData" finished-at="2021-07-28T05:29:53Z">
          <params>
            <param index="0">
              <value>
                <![CDATA[Best Car Wash Service]]>
              </value>
            </param>
            <param index="1">
              <value>
                <![CDATA[Akshaya Vahini]]>
              </value>
            </param>
            <param index="2">
              <value>
                <![CDATA[Surepally]]>
              </value>
            </param>
            <param index="3">
              <value>
                <![CDATA[9246199009]]>
              </value>
            </param>
            <param index="4">
              <value>
                <![CDATA[22447879]]>
              </value>
            </param>
          </params>
          <reporter-output>
          </reporter-output>
        </test-method> <!-- mobileNullValue -->
        <test-method status="PASS" signature="cityNullvalue(java.lang.String, java.lang.String, java.lang.String, java.lang.String, java.lang.String)[pri:5, instance:com.justdial.testcases.FreelistingTestCases@573f2bb1]" name="cityNullvalue" duration-ms="7920" started-at="2021-07-28T05:29:53Z" data-provider="testData" finished-at="2021-07-28T05:30:01Z">
          <params>
            <param index="0">
              <value>
                <![CDATA[Best Car Wash Service]]>
              </value>
            </param>
            <param index="1">
              <value>
                <![CDATA[Akshaya Vahini]]>
              </value>
            </param>
            <param index="2">
              <value>
                <![CDATA[Surepally]]>
              </value>
            </param>
            <param index="3">
              <value>
                <![CDATA[9246199009]]>
              </value>
            </param>
            <param index="4">
              <value>
                <![CDATA[22447879]]>
              </value>
            </param>
          </params>
          <reporter-output>
          </reporter-output>
        </test-method> <!-- cityNullvalue -->
        <test-method status="PASS" signature="validDataTest(java.lang.String, java.lang.String, java.lang.String, java.lang.String, java.lang.String)[pri:6, instance:com.justdial.testcases.FreelistingTestCases@573f2bb1]" name="validDataTest" duration-ms="7096" started-at="2021-07-28T05:30:01Z" data-provider="testData" finished-at="2021-07-28T05:30:08Z">
          <params>
            <param index="0">
              <value>
                <![CDATA[Best Car Wash Service]]>
              </value>
            </param>
            <param index="1">
              <value>
                <![CDATA[Akshaya Vahini]]>
              </value>
            </param>
            <param index="2">
              <value>
                <![CDATA[Surepally]]>
              </value>
            </param>
            <param index="3">
              <value>
                <![CDATA[9246199009]]>
              </value>
            </param>
            <param index="4">
              <value>
                <![CDATA[22447879]]>
              </value>
            </param>
          </params>
          <reporter-output>
          </reporter-output>
        </test-method> <!-- validDataTest -->
        <test-method status="PASS" signature="terminate()[pri:0, instance:com.justdial.testcases.FreelistingTestCases@573f2bb1]" name="terminate" is-config="true" duration-ms="4343" started-at="2021-07-28T05:30:08Z" finished-at="2021-07-28T05:30:12Z">
          <reporter-output>
          </reporter-output>
        </test-method> <!-- terminate -->
      </class> <!-- com.justdial.testcases.FreelistingTestCases -->
    </test> <!-- Freelisting -->
    <test name="Fitness" duration-ms="20351" started-at="2021-07-28T05:30:12Z" finished-at="2021-07-28T05:30:33Z">
      <class name="com.justdial.testcases.FitnessTestCases">
        <test-method status="PASS" signature="browser()[pri:0, instance:com.justdial.testcases.FitnessTestCases@5f375618]" name="browser" is-config="true" duration-ms="4517" started-at="2021-07-28T05:30:12Z" finished-at="2021-07-28T05:30:17Z">
          <reporter-output>
          </reporter-output>
        </test-method> <!-- browser -->
        <test-method status="PASS" signature="fitness()[pri:1, instance:com.justdial.testcases.FitnessTestCases@5f375618]" name="fitness" duration-ms="11822" started-at="2021-07-28T05:30:17Z" finished-at="2021-07-28T05:30:29Z">
          <reporter-output>
          </reporter-output>
        </test-method> <!-- fitness -->
        <test-method status="PASS" signature="fitnessMenu()[pri:2, instance:com.justdial.testcases.FitnessTestCases@5f375618]" name="fitnessMenu" duration-ms="622" started-at="2021-07-28T05:30:29Z" finished-at="2021-07-28T05:30:29Z">
          <reporter-output>
          </reporter-output>
        </test-method> <!-- fitnessMenu -->
        <test-method status="PASS" signature="gym()[pri:3, instance:com.justdial.testcases.FitnessTestCases@5f375618]" name="gym" duration-ms="2554" started-at="2021-07-28T05:30:29Z" finished-at="2021-07-28T05:30:32Z">
          <reporter-output>
          </reporter-output>
        </test-method> <!-- gym -->
        <test-method status="PASS" signature="gymMenu()[pri:4, instance:com.justdial.testcases.FitnessTestCases@5f375618]" name="gymMenu" duration-ms="608" started-at="2021-07-28T05:30:32Z" finished-at="2021-07-28T05:30:32Z">
          <reporter-output>
          </reporter-output>
        </test-method> <!-- gymMenu -->
        <test-method status="PASS" signature="terminate()[pri:0, instance:com.justdial.testcases.FitnessTestCases@5f375618]" name="terminate" is-config="true" duration-ms="224" started-at="2021-07-28T05:30:32Z" finished-at="2021-07-28T05:30:33Z">
          <reporter-output>
          </reporter-output>
        </test-method> <!-- terminate -->
      </class> <!-- com.justdial.testcases.FitnessTestCases -->
    </test> <!-- Fitness -->
  </suite> <!-- Suite -->
</testng-results>
