<?xml version="1.0" encoding="UTF-8"?>
<testng-results ignored="0" total="6" passed="6" failed="0" skipped="0">
  <reporter-output>
  </reporter-output>
  <suite started-at="2021-07-28T05:21:23Z" name="Default suite" finished-at="2021-07-28T05:22:10Z" duration-ms="47586">
    <groups>
    </groups>
    <test started-at="2021-07-28T05:21:23Z" name="Default test" finished-at="2021-07-28T05:22:10Z" duration-ms="47586">
      <class name="com.justdial.testcases.FreelistingTestCases">
        <test-method is-config="true" signature="browser()[pri:0, instance:com.justdial.testcases.FreelistingTestCases@409c54f]" started-at="2021-07-28T05:21:23Z" name="browser" finished-at="2021-07-28T05:21:29Z" duration-ms="6119" status="PASS">
          <reporter-output>
          </reporter-output>
        </test-method> <!-- browser -->
        <test-method signature="launch()[pri:1, instance:com.justdial.testcases.FreelistingTestCases@409c54f]" started-at="2021-07-28T05:21:29Z" name="launch" finished-at="2021-07-28T05:21:41Z" duration-ms="11623" status="PASS">
          <reporter-output>
          </reporter-output>
        </test-method> <!-- launch -->
        <test-method signature="allNullValues()[pri:2, instance:com.justdial.testcases.FreelistingTestCases@409c54f]" started-at="2021-07-28T05:21:41Z" name="allNullValues" finished-at="2021-07-28T05:21:43Z" duration-ms="2578" status="PASS">
          <reporter-output>
          </reporter-output>
        </test-method> <!-- allNullValues -->
        <test-method signature="companyNullValue(java.lang.String, java.lang.String, java.lang.String, java.lang.String, java.lang.String)[pri:3, instance:com.justdial.testcases.FreelistingTestCases@409c54f]" started-at="2021-07-28T05:21:44Z" name="companyNullValue" data-provider="testData" finished-at="2021-07-28T05:21:46Z" duration-ms="2303" status="PASS">
          <params>
            <param index="0">
              <value>
                <![CDATA[Best Car Wash Service]]>
              </value>
            </param>
            <param index="1">
              <value>
                <![CDATA[Akshaya Vahini]]>
              </value>
            </param>
            <param index="2">
              <value>
                <![CDATA[Surepally]]>
              </value>
            </param>
            <param index="3">
              <value>
                <![CDATA[9246199009]]>
              </value>
            </param>
            <param index="4">
              <value>
                <![CDATA[22447879]]>
              </value>
            </param>
          </params>
          <reporter-output>
          </reporter-output>
        </test-method> <!-- companyNullValue -->
        <test-method signature="mobileNullValue(java.lang.String, java.lang.String, java.lang.String, java.lang.String, java.lang.String)[pri:4, instance:com.justdial.testcases.FreelistingTestCases@409c54f]" started-at="2021-07-28T05:21:46Z" name="mobileNullValue" data-provider="testData" finished-at="2021-07-28T05:21:54Z" duration-ms="8020" status="PASS">
          <params>
            <param index="0">
              <value>
                <![CDATA[Best Car Wash Service]]>
              </value>
            </param>
            <param index="1">
              <value>
                <![CDATA[Akshaya Vahini]]>
              </value>
            </param>
            <param index="2">
              <value>
                <![CDATA[Surepally]]>
              </value>
            </param>
            <param index="3">
              <value>
                <![CDATA[9246199009]]>
              </value>
            </param>
            <param index="4">
              <value>
                <![CDATA[22447879]]>
              </value>
            </param>
          </params>
          <reporter-output>
          </reporter-output>
        </test-method> <!-- mobileNullValue -->
        <test-method signature="cityNullvalue(java.lang.String, java.lang.String, java.lang.String, java.lang.String, java.lang.String)[pri:5, instance:com.justdial.testcases.FreelistingTestCases@409c54f]" started-at="2021-07-28T05:21:54Z" name="cityNullvalue" data-provider="testData" finished-at="2021-07-28T05:22:03Z" duration-ms="8192" status="PASS">
          <params>
            <param index="0">
              <value>
                <![CDATA[Best Car Wash Service]]>
              </value>
            </param>
            <param index="1">
              <value>
                <![CDATA[Akshaya Vahini]]>
              </value>
            </param>
            <param index="2">
              <value>
                <![CDATA[Surepally]]>
              </value>
            </param>
            <param index="3">
              <value>
                <![CDATA[9246199009]]>
              </value>
            </param>
            <param index="4">
              <value>
                <![CDATA[22447879]]>
              </value>
            </param>
          </params>
          <reporter-output>
          </reporter-output>
        </test-method> <!-- cityNullvalue -->
        <test-method signature="validDataTest(java.lang.String, java.lang.String, java.lang.String, java.lang.String, java.lang.String)[pri:6, instance:com.justdial.testcases.FreelistingTestCases@409c54f]" started-at="2021-07-28T05:22:03Z" name="validDataTest" data-provider="testData" finished-at="2021-07-28T05:22:10Z" duration-ms="7066" status="PASS">
          <params>
            <param index="0">
              <value>
                <![CDATA[Best Car Wash Service]]>
              </value>
            </param>
            <param index="1">
              <value>
                <![CDATA[Akshaya Vahini]]>
              </value>
            </param>
            <param index="2">
              <value>
                <![CDATA[Surepally]]>
              </value>
            </param>
            <param index="3">
              <value>
                <![CDATA[9246199009]]>
              </value>
            </param>
            <param index="4">
              <value>
                <![CDATA[22447879]]>
              </value>
            </param>
          </params>
          <reporter-output>
          </reporter-output>
        </test-method> <!-- validDataTest -->
        <test-method is-config="true" signature="terminate()[pri:0, instance:com.justdial.testcases.FreelistingTestCases@409c54f]" started-at="2021-07-28T05:22:10Z" name="terminate" finished-at="2021-07-28T05:22:10Z" duration-ms="727" status="PASS">
          <reporter-output>
          </reporter-output>
        </test-method> <!-- terminate -->
      </class> <!-- com.justdial.testcases.FreelistingTestCases -->
    </test> <!-- Default test -->
  </suite> <!-- Default suite -->
</testng-results>
